Copyright 1986-2018 Xilinx, Inc. All Rights Reserved.
------------------------------------------------------------------------------------
| Tool Version : Vivado v.2018.3 (win64) Build 2405991 Thu Dec  6 23:38:27 MST 2018
| Date         : Wed Apr 24 21:30:38 2024
| Host         : LAPTOP-ADPEJ7RL running 64-bit major release  (build 9200)
| Command      : report_control_sets -verbose -file top_control_sets_placed.rpt
| Design       : top
| Device       : xc7a100t
------------------------------------------------------------------------------------

Control Set Information

Table of Contents
-----------------
1. Summary
2. Histogram
3. Flip-Flop Distribution
4. Detailed Control Set Information

1. Summary
----------

+----------------------------------------------------------+-------+
|                          Status                          | Count |
+----------------------------------------------------------+-------+
| Number of unique control sets                            |    63 |
| Unused register locations in slices containing registers |   120 |
+----------------------------------------------------------+-------+


2. Histogram
------------

+--------+--------------+
| Fanout | Control Sets |
+--------+--------------+
|      1 |            3 |
|      2 |            3 |
|      4 |            1 |
|      5 |            1 |
|      8 |            2 |
|      9 |            1 |
|     11 |            1 |
|     12 |            1 |
|     14 |            1 |
|     15 |            1 |
|    16+ |           48 |
+--------+--------------+


3. Flip-Flop Distribution
-------------------------

+--------------+-----------------------+------------------------+-----------------+--------------+
| Clock Enable | Synchronous Set/Reset | Asynchronous Set/Reset | Total Registers | Total Slices |
+--------------+-----------------------+------------------------+-----------------+--------------+
| No           | No                    | No                     |             102 |           51 |
| No           | No                    | Yes                    |             725 |          229 |
| No           | Yes                   | No                     |               0 |            0 |
| Yes          | No                    | No                     |              40 |           20 |
| Yes          | No                    | Yes                    |            1221 |          572 |
| Yes          | Yes                   | No                     |               0 |            0 |
+--------------+-----------------------+------------------------+-----------------+--------------+


4. Detailed Control Set Information
-----------------------------------

+-----------------------------------+----------------------------------+---------------------------------+------------------+----------------+
|            Clock Signal           |           Enable Signal          |         Set/Reset Signal        | Slice Load Count | Bel Load Count |
+-----------------------------------+----------------------------------+---------------------------------+------------------+----------------+
|  IO_clk_BUFG                      |                                  |                                 |                1 |              1 |
|  div_BUFG[6]                      |                                  |                                 |                1 |              1 |
| ~Clk_CPU_BUFG                     | U1_SCPU/MEM_WB/out_reg[71]_46[0] | U1_SCPU/EX_MEM/rstn_0           |                1 |              1 |
|  IO_clk_BUFG                      |                                  | U9_Counter_x/AR[0]              |                1 |              2 |
|  div_BUFG[6]                      |                                  | U9_Counter_x/AR[0]              |                2 |              2 |
| ~Clk_CPU_BUFG                     | U1_SCPU/MEM_WB/out_reg[71]_40[0] | U1_SCPU/U_RF/rf[16][26]_i_1_n_2 |                2 |              2 |
|  U6_SSeg7/flash_IBUF_BUFG         |                                  |                                 |                3 |              4 |
| ~Clk_CPU_BUFG                     | U1_SCPU/MEM_WB/out_reg[71]_32[0] | U1_SCPU/U_RF/rf[24][23]_i_1_n_2 |                3 |              5 |
|  U6_SSeg7/flash_IBUF_BUFG         | U6_SSeg7/seg_sout[7]_i_1_n_0     |                                 |                8 |              8 |
| ~Clk_CPU_BUFG                     | U1_SCPU/MEM_WB/out_reg[71]_24[0] | U1_SCPU/U_RF/rf[31][31]_i_2_n_2 |                5 |              8 |
|  Clk_CPU_BUFG                     |                                  | U1_SCPU/U_RF/AR[0]              |                4 |              9 |
| ~Clk_CPU_BUFG                     | U1_SCPU/MEM_WB/out_reg[71]_17[0] | U1_SCPU/U_RF/rf[31][10]_i_1_n_2 |                8 |             11 |
| ~Clk_CPU_BUFG                     | U1_SCPU/MEM_WB/out_reg[71]_41[0] | U1_SCPU/U_RF/rf[15][16]_i_1_n_2 |                6 |             12 |
| ~Clk_CPU_BUFG                     | U1_SCPU/MEM_WB/out_reg[71]_25[0] | U1_SCPU/U_RF/rf[23][13]_i_1_n_2 |                6 |             14 |
| ~Clk_CPU_BUFG                     | U1_SCPU/MEM_WB/out_reg[71]_33[0] | U1_SCPU/U_RF/rf[23][13]_i_1_n_2 |                6 |             15 |
| ~Clk_CPU_BUFG                     | U1_SCPU/MEM_WB/out_reg[71]_33[0] | U1_SCPU/U_RF/rf[15][16]_i_1_n_2 |                7 |             17 |
| ~Clk_CPU_BUFG                     | U1_SCPU/MEM_WB/out_reg[71]_25[0] | U1_SCPU/U_RF/rf[31][10]_i_1_n_2 |                9 |             18 |
| ~Clk_CPU_BUFG                     | U1_SCPU/MEM_WB/out_reg[71]_41[0] | U1_SCPU/U_RF/AR[0]              |               15 |             20 |
| ~Clk_CPU_BUFG                     | U1_SCPU/MEM_WB/out_reg[71]_17[0] | U1_SCPU/U_RF/rf[31][31]_i_2_n_2 |               14 |             21 |
| ~Clk_CPU_BUFG                     | U1_SCPU/MEM_WB/out_reg[71]_24[0] | U1_SCPU/U_RF/rf[24][23]_i_1_n_2 |               16 |             24 |
| ~Clk_CPU_BUFG                     | U1_SCPU/MEM_WB/out_reg[71]_32[0] | U1_SCPU/U_RF/rf[16][26]_i_1_n_2 |               11 |             27 |
| ~Clk_CPU_BUFG                     | U1_SCPU/MEM_WB/out_reg[71]_40[0] | U1_SCPU/U_RF/rf[8][29]_i_1_n_2  |               21 |             30 |
| ~Clk_CPU_BUFG                     | U1_SCPU/MEM_WB/out_reg[71]_46[0] | U1_SCPU/U_RF/rf[8][29]_i_1_n_2  |               15 |             31 |
|  n_1_2048_BUFG                    |                                  |                                 |               13 |             32 |
|  clk_IBUF_BUFG                    |                                  | U9_Counter_x/AR[0]              |                8 |             32 |
| ~Clk_CPU_BUFG                     | U1_SCPU/MEM_WB/out_reg[71]_28[0] | U1_SCPU/U_RF/rf[24][23]_i_1_n_2 |               10 |             32 |
| ~Clk_CPU_BUFG                     | U1_SCPU/MEM_WB/out_reg[71]_30[0] | U1_SCPU/U_RF/rf[24][23]_i_1_n_2 |               10 |             32 |
| ~Clk_CPU_BUFG                     | U1_SCPU/MEM_WB/out_reg[71]_31[0] | U1_SCPU/U_RF/rf[23][13]_i_1_n_2 |                8 |             32 |
| ~Clk_CPU_BUFG                     | U1_SCPU/MEM_WB/out_reg[71]_18[0] | U1_SCPU/U_RF/rf[31][31]_i_2_n_2 |               26 |             32 |
| ~Clk_CPU_BUFG                     | U1_SCPU/MEM_WB/out_reg[71]_22[0] | U1_SCPU/U_RF/rf[31][31]_i_2_n_2 |               23 |             32 |
| ~Clk_CPU_BUFG                     | U1_SCPU/MEM_WB/out_reg[71]_23[0] | U1_SCPU/U_RF/rf[31][10]_i_1_n_2 |               13 |             32 |
|  IO_clk_BUFG                      | U4_MIO_BUS/GPIOe0000000_we_OBUF  | U1_SCPU/EX_MEM/rstn             |               15 |             32 |
| ~Clk_CPU_BUFG                     | U1_SCPU/MEM_WB/out_reg[71]_27[0] | U1_SCPU/U_RF/rf[23][13]_i_1_n_2 |               16 |             32 |
| ~Clk_CPU_BUFG                     | U1_SCPU/MEM_WB/out_reg[71]_29[0] | U1_SCPU/U_RF/rf[23][13]_i_1_n_2 |               12 |             32 |
| ~Clk_CPU_BUFG                     | U1_SCPU/MEM_WB/out_reg[71]_26[0] | U1_SCPU/U_RF/rf[24][23]_i_1_n_2 |               12 |             32 |
| ~Clk_CPU_BUFG                     | U1_SCPU/MEM_WB/out_reg[71]_19[0] | U1_SCPU/U_RF/rf[31][10]_i_1_n_2 |               19 |             32 |
| ~Clk_CPU_BUFG                     | U1_SCPU/MEM_WB/out_reg[71]_20[0] | U1_SCPU/U_RF/rf[31][31]_i_2_n_2 |               22 |             32 |
| ~Clk_CPU_BUFG                     | U1_SCPU/MEM_WB/out_reg[71]_21[0] | U1_SCPU/U_RF/rf[31][10]_i_1_n_2 |               15 |             32 |
| ~Clk_CPU_BUFG                     | U1_SCPU/MEM_WB/out_reg[71]_34[0] | U1_SCPU/U_RF/rf[16][26]_i_1_n_2 |               10 |             32 |
| ~Clk_CPU_BUFG                     | U1_SCPU/MEM_WB/out_reg[71]_35[0] | U1_SCPU/U_RF/rf[15][16]_i_1_n_2 |               14 |             32 |
| ~Clk_CPU_BUFG                     | U1_SCPU/MEM_WB/out_reg[71]_37[0] | U1_SCPU/U_RF/rf[15][16]_i_1_n_2 |               18 |             32 |
| ~Clk_CPU_BUFG                     | U1_SCPU/MEM_WB/out_reg[71]_42[0] | U1_SCPU/U_RF/rf[8][29]_i_1_n_2  |               18 |             32 |
| ~Clk_CPU_BUFG                     | U1_SCPU/MEM_WB/out_reg[71]_45[0] | U1_SCPU/U_RF/AR[0]              |               12 |             32 |
| ~Clk_CPU_BUFG                     | U1_SCPU/MEM_WB/out_reg[71]_38[0] | U1_SCPU/U_RF/rf[16][26]_i_1_n_2 |               14 |             32 |
| ~Clk_CPU_BUFG                     | U1_SCPU/MEM_WB/out_reg[71]_36[0] | U1_SCPU/U_RF/rf[16][26]_i_1_n_2 |               14 |             32 |
| ~Clk_CPU_BUFG                     | U1_SCPU/MEM_WB/out_reg[71]_44[0] | U1_SCPU/U_RF/rf[8][29]_i_1_n_2  |               13 |             32 |
| ~Clk_CPU_BUFG                     | U1_SCPU/MEM_WB/out_reg[71]_47[0] | U1_SCPU/U_RF/AR[0]              |               18 |             32 |
| ~Clk_CPU_BUFG                     | U1_SCPU/MEM_WB/out_reg[71]_39[0] | U1_SCPU/U_RF/rf[15][16]_i_1_n_2 |               24 |             32 |
| ~Clk_CPU_BUFG                     | U1_SCPU/MEM_WB/out_reg[71]_43[0] | U1_SCPU/U_RF/AR[0]              |               18 |             32 |
|  U3_dm_controller/mem_w_IBUF_BUFG |                                  |                                 |                9 |             32 |
|  IO_clk_BUFG                      | U9_Counter_x/counter0_Lock_0     | U9_Counter_x/AR[0]              |                6 |             32 |
|  div_BUFG[6]                      | U9_Counter_x/counter0[31]        | U9_Counter_x/AR[0]              |                9 |             32 |
|  n_0_1527_BUFG                    |                                  |                                 |               24 |             32 |
| ~Clk_CPU_BUFG                     | U1_SCPU/MEM_WB/E[0]              |                                 |               12 |             32 |
|  IO_clk_BUFG                      | U4_MIO_BUS/GPIOf0000000_we_OBUF  | U9_Counter_x/AR[0]              |               13 |             34 |
|  Clk_CPU_BUFG                     | U1_SCPU/ID_EX/write_enable0      | U1_SCPU/EX_MEM/rstn_0           |                7 |             35 |
|  Clk_CPU_BUFG                     |                                  | U1_SCPU/EX_MEM/rstn             |               18 |             46 |
|  clk_IBUF_BUFG                    |                                  | U1_SCPU/EX_MEM/rstn             |               15 |             48 |
|  Clk_CPU_BUFG                     | U1_SCPU/ID_EX/write_enable0      | U1_SCPU/ID_EX/rstn              |               18 |             64 |
|  Clk_CPU_BUFG                     |                                  | U1_SCPU/EX_MEM/rstn_0           |               30 |             89 |
|  Clk_CPU_BUFG                     |                                  | U1_SCPU/ID_EX/rstn              |               31 |            102 |
|  Clk_CPU_BUFG                     |                                  | U1_SCPU/MEM_WB/rstn             |               45 |            125 |
|  IO_clk_BUFG                      |                                  | U1_SCPU/EX_MEM/rstn             |               75 |            270 |
+-----------------------------------+----------------------------------+---------------------------------+------------------+----------------+


