Vivado Simulator 2018.3
Copyright 1986-1999, 2001-2018 Xilinx, Inc. All Rights Reserved.
Running: D:/Xilinx/Vivado/2018.3/bin/unwrapped/win64.o/xelab.exe -wto 15e69ba830764648a1bcee7977ae823a --incr --debug typical --relax --mt 2 -L dist_mem_gen_v8_0_12 -L xil_defaultlib -L unisims_ver -L unimacro_ver -L secureip -L xpm --snapshot SCPU_TOP_behav xil_defaultlib.SCPU_TOP xil_defaultlib.glbl -log elaborate.log 
Using 2 slave threads.
Starting static elaboration
WARNING: [VRFC 10-3091] actual bit length 32 differs from formal bit length 6 for port 'a' [D:/Vivadowork/four module/four module.srcs/sources_1/new/SCPU_TOP.v:68]
WARNING: [VRFC 10-3091] actual bit length 1 differs from formal bit length 2 for port 'WDSel' [D:/Vivadowork/four module/four module.srcs/sources_1/new/SCPU_TOP.v:121]
WARNING: [VRFC 10-3091] actual bit length 1 differs from formal bit length 12 for port 'bimm' [D:/Vivadowork/four module/four module.srcs/sources_1/new/SCPU_TOP.v:135]
WARNING: [VRFC 10-3091] actual bit length 1 differs from formal bit length 8 for port 'Zero' [D:/Vivadowork/four module/four module.srcs/sources_1/new/SCPU_TOP.v:153]
WARNING: [VRFC 10-3091] actual bit length 32 differs from formal bit length 6 for port 'addr' [D:/Vivadowork/four module/four module.srcs/sources_1/new/SCPU_TOP.v:156]
WARNING: [VRFC 10-3091] actual bit length 32 differs from formal bit length 64 for port 'i_data' [D:/Vivadowork/four module/four module.srcs/sources_1/new/SCPU_TOP.v:233]
Completed static elaboration
Starting simulation data flow analysis
Completed simulation data flow analysis
Time Resolution for simulation is 1ps
Compiling module dist_mem_gen_v8_0_12.dist_mem_gen_v8_0_12(C_FAMILY="a...
Compiling module xil_defaultlib.dist_mem_gen_0
Compiling module xil_defaultlib.ctrl
Compiling module xil_defaultlib.rf
Compiling module xil_defaultlib.EXT
Compiling module xil_defaultlib.alu
Compiling module xil_defaultlib.dm
Compiling module xil_defaultlib.seg7x16
Compiling module xil_defaultlib.SCPU_TOP
Compiling module xil_defaultlib.glbl
Built simulation snapshot SCPU_TOP_behav
