Vivado Simulator 2018.3
Time resolution is 1 ps
r[ 5] = 0x00000435,
r[ 6] = 0x00001000,
r[ 5] = 0x00001435,
r[ 6] = 0x98765000,
r[ 7] = 0x000019ad,
r[ 8] = 0x98764c00,
r[ 9] = 0x00001389,
r[ 3] = 0x00000000,
r[ 4] = 0x00000001,
r[18] = 0x00000301,
r[20] = 0x00000001,
r[19] = 0x98763bcb,
r[21] = 0x98765001,
r[22] = 0x98765002,
r[22] = 0x98766437,
r[23] = 0x00001437,
r[25] = 0x98767437,
r[26] = 0x00000437,
r[27] = 0x00000001,
r[28] = 0x00000000,
r[ 3] = 0x00000004,
r[27] = 0x00004370,
r[28] = 0x09876743,
r[29] = 0xf9876743,
r[27] = 0xcb000000,
r[28] = 0x098763bc,
r[29] = 0xf98763bc,
r[ 3] = 0x00000000,
r[ 5] = 0x000000ef,
dmem[ 0] = 0xcb,
dmem[ 1] = 0x3b,
dmem[ 2] = 0x76,
dmem[ 3] = 0x98,
dmem[ 4] = 0x01,
dmem[ 5] = 0x50,
dmem[ 6] = 0x76,
dmem[ 7] = 0x98,
dmem[ 8] = 0x37,
dmem[ 9] = 0x14,
dmem[10] = 0x00,
dmem[11] = 0x00,
dmem[ 4] = 0x37,
dmem[ 5] = 0x04,
dmem[10] = 0xcb,
dmem[11] = 0x3b,
dmem[ 7] = 0xef,
dmem[ 9] = 0xef,
dmem[ 8] = 0xef,
r[ 5] = 0x98763bcb,
dmem[12] = 0xcb,
dmem[13] = 0x3b,
dmem[14] = 0x76,
dmem[15] = 0x98,
r[ 7] = 0xffff9876,
dmem[16] = 0x76,
dmem[17] = 0x98,
dmem[18] = 0xff,
dmem[19] = 0xff,
r[ 7] = 0x00009876,
dmem[20] = 0x76,
dmem[21] = 0x98,
dmem[22] = 0x00,
dmem[23] = 0x00,
r[ 8] = 0xffffff98,
dmem[24] = 0x98,
dmem[25] = 0xff,
dmem[26] = 0xff,
dmem[27] = 0xff,
r[ 8] = 0x00000098,
dmem[28] = 0x98,
dmem[29] = 0x00,
dmem[30] = 0x00,
dmem[31] = 0x00,
r[ 8] = 0x0000003b,
dmem[32] = 0x3b,
dmem[33] = 0x00,
dmem[34] = 0x00,
dmem[35] = 0x00,
dmem[ 0] = 0x00,
dmem[ 1] = 0x00,
dmem[ 2] = 0x00,
dmem[ 3] = 0x00,
r[ 9] = 0x00000000,
r[ 9] = 0x00000007,
r[ 9] = 0x0000000d,
r[ 9] = 0x0000000e,
dmem[ 0] = 0x0e,
dmem[ 1] = 0x00,
dmem[ 2] = 0x00,
dmem[ 3] = 0x00,
r[10] = 0x0000000e,
r[ 1] = 0x00000108,
r[10] = 0x000007af,
dmem[ 0] = 0xaf,
dmem[ 1] = 0x07,
dmem[ 2] = 0x00,
dmem[ 3] = 0x00,
r[ 0] = 0x0000011c,
r[10] = 0x000007b2,
dmem[ 0] = 0xb2,
dmem[ 1] = 0x07,
dmem[ 2] = 0x00,
dmem[ 3] = 0x00,
r[10] = 0x000007b3,
dmem[ 0] = 0xb3,
dmem[ 1] = 0x07,
dmem[ 2] = 0x00,
dmem[ 3] = 0x00,
