#-----------------------------------------------------------
# Vivado v2018.3 (64-bit)
# SW Build 2405991 on Thu Dec  6 23:38:27 MST 2018
# IP Build 2404404 on Fri Dec  7 01:43:56 MST 2018
# Start of session at: Mon May 13 21:18:01 2024
# Process ID: 37164
# Current directory: D:/Vivadowork/four module
# Command line: vivado.exe -gui_launcher_event rodinguilauncherevent22348 D:\Vivadowork\four module\four module.xpr
# Log file: D:/Vivadowork/four module/vivado.log
# Journal file: D:/Vivadowork/four module\vivado.jou
#-----------------------------------------------------------
start_gui
open_project {D:/Vivadowork/four module/four module.xpr}
Scanning sources...
Finished scanning sources
INFO: [IP_Flow 19-234] Refreshing IP repositories
INFO: [IP_Flow 19-1704] No user IP repositories specified
INFO: [IP_Flow 19-2313] Loaded Vivado IP repository 'D:/Xilinx/Vivado/2018.3/data/ip'.
open_project: Time (s): cpu = 00:00:03 ; elapsed = 00:00:06 . Memory (MB): peak = 833.684 ; gain = 155.941
update_compile_order -fileset sources_1
exit
INFO: [Common 17-206] Exiting Vivado at Mon May 13 21:19:33 2024...
